<?xml version="1.0" encoding="utf-8"?><testsuites name="pytest tests"><testsuite name="pytest" errors="0" failures="0" skipped="0" tests="17" time="1.977" timestamp="2026-08-24T01:17:11.210446+00:00" hostname="agent-env-ad63a284-d2a1-41b5-902d-0e245d34a670"><testcase classname="tests.backend_test.TestAuth" name="test_me_no_header" time="0.285" /><testcase classname="tests.backend_test.TestDocumentsCRUD" name="test_me_returns_user_without_mongo_id" time="0.282" /><testcase classname="tests.backend_test.TestDocumentsCRUD" name="test_create_then_get_and_list" time="0.138" /><testcase classname="tests.backend_test.TestAuth" name="test_me_malformed_header" time="0.042" /><testcase classname="tests.backend_test.TestAuth" name="test_me_invalid_token" time="0.043" /><testcase classname="tests.backend_test.TestAuth" name="test_me_valid_token_unknown_user" time="0.095" /><testcase classname="tests.backend_test.TestDocumentsCRUD" name="test_update_persists" time="0.136" /><testcase classname="tests.backend_test.TestAuth" name="test_google_not_configured" time="0.044" /><testcase classname="tests.backend_test.TestAuth" name="test_google_validation_error" time="0.055" /><testcase classname="tests.backend_test.TestDocumentsCRUD" name="test_delete_then_404" time="0.182" /><testcase classname="tests.backend_test.TestDocumentsAuthGating" name="test_list_documents_unauth" time="0.043" /><testcase classname="tests.backend_test.TestDocumentsAuthGating" name="test_get_document_unauth" time="0.085" /><testcase classname="tests.backend_test.TestDocumentsAuthGating" name="test_save_document_unauth" time="0.083" /><testcase classname="tests.backend_test.TestDocumentsCRUD" name="test_get_unknown_document_404" time="0.050" /><testcase classname="tests.backend_test.TestDocumentsAuthGating" name="test_delete_document_unauth" time="0.056" /><testcase classname="tests.backend_test.TestDocumentsCRUD" name="test_create_validation_error" time="0.054" /><testcase classname="tests.backend_test.TestRoot" name="test_root" time="0.040" /></testsuite></testsuites>